<?xml version="1.0" encoding="UTF-8"?>
<!-- Generated by org.testng.reporters.JUnitXMLReporter -->
<testsuite ignored="0" hostname="DESKTOP-CDUBU3U" failures="0" tests="3" name="Test" time="25.686" errors="0" timestamp="2024-08-20T19:49:48 IST">
  <testcase classname="testBase.Baseclass" name="@BeforeClass BrowserSetUp" time="-1.72416356108E9">
    <failure type="org.testng.TestNGException" message="
Parameter &amp;apos;os&amp;apos; is required by BeforeClass on method BrowserSetUp but has not been marked @Optional or defined
in C:\MyNewWorkspace\PracticeS2\master.xml">
      <![CDATA[org.testng.TestNGException: 
Parameter 'os' is required by BeforeClass on method BrowserSetUp but has not been marked @Optional or defined
in C:\MyNewWorkspace\PracticeS2\master.xml
at java.base/java.util.ArrayList.forEach(ArrayList.java:1511)
... Removed 26 stack frames]]>
    </failure>
  </testcase> <!-- @BeforeClass BrowserSetUp -->
  <testcase classname="testCases.TC001_Logintest" name="logintestVerification" time="0.001">
    <skipped/>
  </testcase> <!-- logintestVerification -->
  <testcase classname="testCases.TC002_Hometest" name="logintestVerification" time="7.498"/>
  <testcase classname="testCases.TC002_Hometest" name="testHomeNavigation" time="8.312"/>
</testsuite> <!-- Test -->
